<?xml version="1.0" encoding="UTF-8"?>
<!-- Generated by org.testng.reporters.JUnitReportReporter -->
<testsuite hostname="DESKTOP-1GQ8CG3" failures="0" tests="1" name="My_Watchlist.My_Watchlist" time="45.707" errors="0" timestamp="2023-11-27T10:34:52 IST" skipped="0">
  <testcase classname="My_Watchlist.My_Watchlist" name="My_Watchlist_001" time="45.707"/>
  <system-out/>
</testsuite> <!-- My_Watchlist.My_Watchlist -->
