<?xml version="1.0" encoding="UTF-8"?>
<!-- Generated by org.testng.reporters.JUnitReportReporter -->
<testsuite hostname="DESKTOP-1GQ8CG3" failures="0" tests="1" name="Settings.Settingstestscripts" time="43.953" errors="0" timestamp="2023-11-27T10:41:18 IST" skipped="0">
  <testcase classname="Settings.Settingstestscripts" name="Settings_040" time="43.953"/>
  <system-out/>
</testsuite> <!-- Settings.Settingstestscripts -->
