<?xml version="1.0" encoding="UTF-8"?>
<!-- Generated by org.testng.reporters.JUnitReportReporter -->
<testsuite hostname="DESKTOP-1GQ8CG3" failures="0" tests="1" name="Timelog.timelogTestcases" time="39.870" errors="0" timestamp="2023-11-27T10:53:32 IST" skipped="0">
  <testcase classname="Timelog.timelogTestcases" name="timelog_001" time="39.870"/>
  <system-out/>
</testsuite> <!-- Timelog.timelogTestcases -->
