<?xml version="1.0" encoding="UTF-8"?>
<!-- Generated by org.testng.reporters.JUnitReportReporter -->
<testsuite hostname="DESKTOP-1GQ8CG3" failures="0" tests="1" name="Partnertickets.Partnertestcases" time="38.162" errors="0" timestamp="2023-11-27T10:37:32 IST" skipped="0">
  <testcase classname="Partnertickets.Partnertestcases" name="Partnertickets_001" time="38.162"/>
  <system-out/>
</testsuite> <!-- Partnertickets.Partnertestcases -->
