<?xml version="1.0" encoding="UTF-8"?>
<!-- Generated by org.testng.reporters.JUnitReportReporter -->
<testsuite hostname="DESKTOP-1GQ8CG3" failures="0" tests="1" name="Requestertickets.requestertktstestcase" time="39.347" errors="0" timestamp="2023-11-27T10:39:13 IST" skipped="0">
  <testcase classname="Requestertickets.requestertktstestcase" name="Requester_001" time="39.347"/>
  <system-out/>
</testsuite> <!-- Requestertickets.requestertktstestcase -->
