<?xml version="1.0" encoding="UTF-8"?>
<!-- Generated by org.testng.reporters.JUnitReportReporter -->
<testsuite hostname="DESKTOP-1GQ8CG3" failures="0" tests="1" name="Task.tasksTestcases" time="39.609" errors="0" timestamp="2023-11-27T10:50:00 IST" skipped="0">
  <testcase classname="Task.tasksTestcases" name="tasks_001" time="39.609"/>
  <system-out/>
</testsuite> <!-- Task.tasksTestcases -->
