<?xml version="1.0" encoding="UTF-8"?>
<!-- Generated by org.testng.reporters.JUnitReportReporter -->
<testsuite hostname="DESKTOP-1GQ8CG3" failures="0" tests="1" name="My_Department.My_Department" time="40.555" errors="0" timestamp="2023-11-27T10:30:08 IST" skipped="0">
  <testcase classname="My_Department.My_Department" name="My_Department_150" time="40.555"/>
  <system-out/>
</testsuite> <!-- My_Department.My_Department -->
