<?xml version="1.0" encoding="UTF-8"?>
<!-- Generated by org.testng.reporters.JUnitReportReporter -->
<testsuite hostname="DESKTOP-1GQ8CG3" failures="0" tests="1" name="Suspence_Tickets.Suspence_Testcases" time="47.621" errors="0" timestamp="2023-11-27T10:43:49 IST" skipped="0">
  <testcase classname="Suspence_Tickets.Suspence_Testcases" name="Suspencetickets_150" time="47.621"/>
  <system-out/>
</testsuite> <!-- Suspence_Tickets.Suspence_Testcases -->
