<?xml version="1.0" encoding="UTF-8"?>
<!-- Generated by org.testng.reporters.JUnitReportReporter -->
<testsuite hostname="DESKTOP-1GQ8CG3" failures="0" tests="153" name="All_Departments.All_Department" time="8777.646" errors="7" timestamp="2023-11-27T13:21:06 IST" skipped="24">
  <testcase classname="All_Departments.All_Department" name="All_Departments__080" time="45.915"/>
  <system-out/>
  <testcase classname="All_Departments.All_Department" name="All_Departments__154" time="16.287">
    <skipped/>
  </testcase> <!-- All_Departments__154 -->
  <system-out/>
  <testcase classname="All_Departments.All_Department" name="All_Departments__112" time="60.038"/>
  <system-out/>
  <testcase classname="All_Departments.All_Department" name="All_Departments__074" time="44.753"/>
  <system-out/>
  <testcase classname="All_Departments.All_Department" name="All_Departments__138" time="47.078"/>
  <system-out/>
  <testcase classname="All_Departments.All_Department" name="All_Departments__091" time="52.937"/>
  <system-out/>
  <testcase classname="All_Departments.All_Department" name="All_Departments__013" time="41.633"/>
  <system-out/>
  <testcase classname="All_Departments.All_Department" name="All_Departments__064" time="44.041"/>
  <system-out/>
  <testcase classname="All_Departments.All_Department" name="All_Departments__039" time="48.692"/>
  <system-out/>
  <testcase classname="All_Departments.All_Department" name="All_Departments__106" time="45.541"/>
  <system-out/>
  <testcase classname="All_Departments.All_Department" name="All_Departments__166" time="21.345">
    <skipped/>
  </testcase> <!-- All_Departments__166 -->
  <system-out/>
  <testcase classname="All_Departments.All_Department" name="All_Departments__096" time="49.322"/>
  <system-out/>
  <testcase classname="All_Departments.All_Department" name="All_Departments__054" time="42.991"/>
  <system-out/>
  <testcase classname="All_Departments.All_Department" name="All_Departments__158" time="19.143">
    <skipped/>
  </testcase> <!-- All_Departments__158 -->
  <system-out/>
  <testcase classname="All_Departments.All_Department" name="All_Departments__130" time="46.912"/>
  <system-out/>
  <testcase classname="All_Departments.All_Department" name="All_Departments__121" time="44.827"/>
  <system-out/>
  <testcase classname="All_Departments.All_Department" name="All_Departments__032" time="59.370"/>
  <system-out/>
  <testcase classname="All_Departments.All_Department" name="All_Departments__079" time="46.835"/>
  <system-out/>
  <testcase classname="All_Departments.All_Department" name="All_Departments__135" time="63.936"/>
  <system-out/>
  <testcase classname="All_Departments.All_Department" name="All_Departments__095" time="60.030"/>
  <system-out/>
  <testcase classname="All_Departments.All_Department" name="All_Departments__103" time="49.711"/>
  <system-out/>
  <testcase classname="All_Departments.All_Department" name="All_Departments__050" time="41.469"/>
  <system-out/>
  <testcase classname="All_Departments.All_Department" name="All_Departments__169" time="18.734">
    <skipped/>
  </testcase> <!-- All_Departments__169 -->
  <system-out/>
  <testcase classname="All_Departments.All_Department" name="All_Departments__155" time="22.736">
    <skipped/>
  </testcase> <!-- All_Departments__155 -->
  <system-out/>
  <testcase classname="All_Departments.All_Department" name="All_Departments__010" time="43.107"/>
  <system-out/>
  <testcase classname="All_Departments.All_Department" name="All_Departments__111" time="73.692"/>
  <system-out/>
  <testcase classname="All_Departments.All_Department" name="All_Departments__133" time="48.485"/>
  <system-out/>
  <testcase classname="All_Departments.All_Department" name="All_Departments__011" time="56.598"/>
  <system-out/>
  <testcase classname="All_Departments.All_Department" name="All_Departments__146" time="45.519"/>
  <system-out/>
  <testcase classname="All_Departments.All_Department" name="All_Departments__149" time="499.250">
    <error message="An unknown server-side error occurred while processing the command. Original error: Could not proxy command to the remote server. Original error: read ECONNRESET
Build info: version: &#039;4.13.0&#039;, revision: &#039;ba948ece5b*&#039;
System info: os.name: &#039;Windows 11&#039;, os.arch: &#039;amd64&#039;, os.version: &#039;10.0&#039;, java.version: &#039;20&#039;
Driver info: io.appium.java_client.android.AndroidDriver
Command: [5af8c52f-dce9-4bad-ab9c-639fd50a277d, findElement {using=xpath, value=//android.view.ViewGroup[@content-desc=&quot;&quot;]/android.view.ViewGroup[2]/android.widget.TextView}]
Capabilities {appium:UDID: PR7SUSMZKJ79BAUW, appium:app: C:\Users\hp\eclipse-workspa..., appium:appActivity: .MainActivity, appium:appPackage: com.service_desk.onebill, appium:appium.deviceIsAppInBackground: true, appium:autoGrantPermissions: true, appium:automationName: uiautomator2, appium:avdArgs: -no-window, appium:databaseEnabled: false, appium:desired: {UDID: PR7SUSMZKJ79BAUW, app: C:\Users\hp\eclipse-workspa..., appActivity: .MainActivity, appPackage: com.service_desk.onebill, appium.deviceIsAppInBackground: true, autoGrantPermissions: true, automationName: uiautomator2, avdArgs: -no-window, deviceName: Afrid, fastReset: true, fullReset: true, isHeadless: true, platformName: ANDROID, platformVersion: 13.0}, appium:deviceApiLevel: 33, appium:deviceManufacturer: Google, appium:deviceModel: sdk_gphone64_x86_64, appium:deviceName: emulator-5554, appium:deviceScreenDensity: 560, appium:deviceScreenSize: 1440x3120, appium:deviceUDID: emulator-5554, appium:fastReset: true, appium:fullReset: true, appium:isHeadless: true, appium:javascriptEnabled: true, appium:locationContextEnabled: false, appium:networkConnectionEnabled: true, appium:pixelRatio: 3.5, appium:platformVersion: 13, appium:statBarHeight: 84, appium:takesScreenshot: true, appium:viewportRect: {height: 2952, left: 0, top: 84, width: 1440}, appium:warnings: {}, appium:webStorageEnabled: false, platformName: ANDROID}
Session ID: 5af8c52f-dce9-4bad-ab9c-639fd50a277d" type="org.openqa.selenium.WebDriverException">
      <![CDATA[org.openqa.selenium.WebDriverException: An unknown server-side error occurred while processing the command. Original error: Could not proxy command to the remote server. Original error: read ECONNRESET
Build info: version: '4.13.0', revision: 'ba948ece5b*'
System info: os.name: 'Windows 11', os.arch: 'amd64', os.version: '10.0', java.version: '20'
Driver info: io.appium.java_client.android.AndroidDriver
Command: [5af8c52f-dce9-4bad-ab9c-639fd50a277d, findElement {using=xpath, value=//android.view.ViewGroup[@content-desc=""]/android.view.ViewGroup[2]/android.widget.TextView}]
Capabilities {appium:UDID: PR7SUSMZKJ79BAUW, appium:app: C:\Users\hp\eclipse-workspa..., appium:appActivity: .MainActivity, appium:appPackage: com.service_desk.onebill, appium:appium.deviceIsAppInBackground: true, appium:autoGrantPermissions: true, appium:automationName: uiautomator2, appium:avdArgs: -no-window, appium:databaseEnabled: false, appium:desired: {UDID: PR7SUSMZKJ79BAUW, app: C:\Users\hp\eclipse-workspa..., appActivity: .MainActivity, appPackage: com.service_desk.onebill, appium.deviceIsAppInBackground: true, autoGrantPermissions: true, automationName: uiautomator2, avdArgs: -no-window, deviceName: Afrid, fastReset: true, fullReset: true, isHeadless: true, platformName: ANDROID, platformVersion: 13.0}, appium:deviceApiLevel: 33, appium:deviceManufacturer: Google, appium:deviceModel: sdk_gphone64_x86_64, appium:deviceName: emulator-5554, appium:deviceScreenDensity: 560, appium:deviceScreenSize: 1440x3120, appium:deviceUDID: emulator-5554, appium:fastReset: true, appium:fullReset: true, appium:isHeadless: true, appium:javascriptEnabled: true, appium:locationContextEnabled: false, appium:networkConnectionEnabled: true, appium:pixelRatio: 3.5, appium:platformVersion: 13, appium:statBarHeight: 84, appium:takesScreenshot: true, appium:viewportRect: {height: 2952, left: 0, top: 84, width: 1440}, appium:warnings: {}, appium:webStorageEnabled: false, platformName: ANDROID}
Session ID: 5af8c52f-dce9-4bad-ab9c-639fd50a277d
at java.base/jdk.internal.reflect.DirectConstructorHandleAccessor.newInstance(DirectConstructorHandleAccessor.java:67)
at java.base/java.lang.reflect.Constructor.newInstanceWithCaller(Constructor.java:500)
at java.base/java.lang.reflect.Constructor.newInstance(Constructor.java:484)
at org.openqa.selenium.remote.codec.w3c.W3CHttpResponseCodec.createException(W3CHttpResponseCodec.java:200)
at org.openqa.selenium.remote.codec.w3c.W3CHttpResponseCodec.decode(W3CHttpResponseCodec.java:133)
at org.openqa.selenium.remote.codec.w3c.W3CHttpResponseCodec.decode(W3CHttpResponseCodec.java:52)
at org.openqa.selenium.remote.HttpCommandExecutor.execute(HttpCommandExecutor.java:191)
at io.appium.java_client.remote.AppiumCommandExecutor.execute(AppiumCommandExecutor.java:250)
at org.openqa.selenium.remote.RemoteWebDriver.execute(RemoteWebDriver.java:602)
at org.openqa.selenium.remote.ElementLocation$ElementFinder$2.findElement(ElementLocation.java:165)
at org.openqa.selenium.remote.ElementLocation.findElement(ElementLocation.java:59)
at org.openqa.selenium.remote.RemoteWebDriver.findElement(RemoteWebDriver.java:359)
at org.openqa.selenium.remote.RemoteWebDriver.findElement(RemoteWebDriver.java:353)
at Methodsexists.methodsstore.iconbtn(methodsstore.java:760)
at All_Departments.All_Department.All_Departments__149(All_Department.java:1846)
at java.base/jdk.internal.reflect.DirectMethodHandleAccessor.invoke(DirectMethodHandleAccessor.java:104)
at java.base/java.lang.reflect.Method.invoke(Method.java:578)
at org.testng.internal.invokers.MethodInvocationHelper.invokeMethod(MethodInvocationHelper.java:139)
at org.testng.internal.invokers.TestInvoker.invokeMethod(TestInvoker.java:677)
at org.testng.internal.invokers.TestInvoker.invokeTestMethod(TestInvoker.java:221)
at org.testng.internal.invokers.MethodRunner.runInSequence(MethodRunner.java:50)
at org.testng.internal.invokers.TestInvoker$MethodInvocationAgent.invoke(TestInvoker.java:969)
at org.testng.internal.invokers.TestInvoker.invokeTestMethods(TestInvoker.java:194)
at org.testng.internal.invokers.TestMethodWorker.invokeTestMethods(TestMethodWorker.java:148)
at org.testng.internal.invokers.TestMethodWorker.run(TestMethodWorker.java:128)
at java.base/java.util.ArrayList.forEach(ArrayList.java:1511)
at org.testng.TestRunner.privateRun(TestRunner.java:829)
at org.testng.TestRunner.run(TestRunner.java:602)
at org.testng.SuiteRunner.runTest(SuiteRunner.java:437)
at org.testng.SuiteRunner.runSequentially(SuiteRunner.java:431)
at org.testng.SuiteRunner.privateRun(SuiteRunner.java:391)
at org.testng.SuiteRunner.run(SuiteRunner.java:330)
at org.testng.SuiteRunnerWorker.runSuite(SuiteRunnerWorker.java:52)
at org.testng.SuiteRunnerWorker.run(SuiteRunnerWorker.java:95)
at org.testng.TestNG.runSuitesSequentially(TestNG.java:1256)
at org.testng.TestNG.runSuitesLocally(TestNG.java:1176)
at org.testng.TestNG.runSuites(TestNG.java:1099)
at org.testng.TestNG.run(TestNG.java:1067)
at org.testng.remote.AbstractRemoteTestNG.run(AbstractRemoteTestNG.java:115)
at org.testng.remote.RemoteTestNG.initAndRun(RemoteTestNG.java:251)
at org.testng.remote.RemoteTestNG.main(RemoteTestNG.java:77)
]]>
    </error>
  </testcase> <!-- All_Departments__149 -->
  <system-out/>
  <testcase classname="All_Departments.All_Department" name="All_Departments__142" time="51.044"/>
  <system-out/>
  <testcase classname="All_Departments.All_Department" name="All_Departments__164" time="20.941">
    <skipped/>
  </testcase> <!-- All_Departments__164 -->
  <system-out/>
  <testcase classname="All_Departments.All_Department" name="All_Departments__107" time="56.981"/>
  <system-out/>
  <testcase classname="All_Departments.All_Department" name="All_Departments__044" time="38.143"/>
  <system-out/>
  <testcase classname="All_Departments.All_Department" name="All_Departments__078" time="56.675"/>
  <system-out/>
  <testcase classname="All_Departments.All_Department" name="All_Departments__093" time="46.196"/>
  <system-out/>
  <testcase classname="All_Departments.All_Department" name="All_Departments__129" time="57.784"/>
  <system-out/>
  <testcase classname="All_Departments.All_Department" name="All_Departments__102" time="50.732"/>
  <system-out/>
  <testcase classname="All_Departments.All_Department" name="All_Departments__123" time="49.277"/>
  <system-out/>
  <testcase classname="All_Departments.All_Department" name="All_Departments__072" time="53.390"/>
  <system-out/>
  <testcase classname="All_Departments.All_Department" name="All_Departments__061" time="47.249"/>
  <system-out/>
  <testcase classname="All_Departments.All_Department" name="All_Departments__101" time="50.162"/>
  <system-out/>
  <testcase classname="All_Departments.All_Department" name="All_Departments__175" time="16.776">
    <skipped/>
  </testcase> <!-- All_Departments__175 -->
  <system-out/>
  <testcase classname="All_Departments.All_Department" name="All_Departments__097" time="45.528"/>
  <system-out/>
  <testcase classname="All_Departments.All_Department" name="All_Departments__002" time="39.065"/>
  <system-out/>
  <testcase classname="All_Departments.All_Department" name="All_Departments__144" time="59.815"/>
  <system-out/>
  <testcase classname="All_Departments.All_Department" name="All_Departments__157" time="21.544">
    <skipped/>
  </testcase> <!-- All_Departments__157 -->
  <system-out/>
  <testcase classname="All_Departments.All_Department" name="All_Departments__167" time="16.708">
    <skipped/>
  </testcase> <!-- All_Departments__167 -->
  <system-out/>
  <testcase classname="All_Departments.All_Department" name="All_Departments__100" time="653.656">
    <error message="java.util.concurrent.TimeoutException
Build info: version: &#039;4.13.0&#039;, revision: &#039;ba948ece5b*&#039;
System info: os.name: &#039;Windows 11&#039;, os.arch: &#039;amd64&#039;, os.version: &#039;10.0&#039;, java.version: &#039;20&#039;
Driver info: io.appium.java_client.android.AndroidDriver
Command: [c7832274-a129-483f-8bc8-f3bf7c5bad54, findElement {using=xpath, value=//android.view.ViewGroup[@content-desc=&quot;&quot;]/android.view.ViewGroup[2]/android.widget.TextView}]
Capabilities {appium:UDID: PR7SUSMZKJ79BAUW, appium:app: C:\Users\hp\eclipse-workspa..., appium:appActivity: .MainActivity, appium:appPackage: com.service_desk.onebill, appium:appium.deviceIsAppInBackground: true, appium:autoGrantPermissions: true, appium:automationName: uiautomator2, appium:avdArgs: -no-window, appium:databaseEnabled: false, appium:desired: {UDID: PR7SUSMZKJ79BAUW, app: C:\Users\hp\eclipse-workspa..., appActivity: .MainActivity, appPackage: com.service_desk.onebill, appium.deviceIsAppInBackground: true, autoGrantPermissions: true, automationName: uiautomator2, avdArgs: -no-window, deviceName: Afrid, fastReset: true, fullReset: true, isHeadless: true, platformName: ANDROID, platformVersion: 13.0}, appium:deviceApiLevel: 33, appium:deviceManufacturer: Google, appium:deviceModel: sdk_gphone64_x86_64, appium:deviceName: emulator-5554, appium:deviceScreenDensity: 560, appium:deviceScreenSize: 1440x3120, appium:deviceUDID: emulator-5554, appium:fastReset: true, appium:fullReset: true, appium:isHeadless: true, appium:javascriptEnabled: true, appium:locationContextEnabled: false, appium:networkConnectionEnabled: true, appium:pixelRatio: 3.5, appium:platformVersion: 13, appium:statBarHeight: 84, appium:takesScreenshot: true, appium:viewportRect: {height: 2952, left: 0, top: 84, width: 1440}, appium:warnings: {}, appium:webStorageEnabled: false, platformName: ANDROID}
Session ID: c7832274-a129-483f-8bc8-f3bf7c5bad54" type="org.openqa.selenium.TimeoutException">
      <![CDATA[org.openqa.selenium.TimeoutException: java.util.concurrent.TimeoutException
Build info: version: '4.13.0', revision: 'ba948ece5b*'
System info: os.name: 'Windows 11', os.arch: 'amd64', os.version: '10.0', java.version: '20'
Driver info: io.appium.java_client.android.AndroidDriver
Command: [c7832274-a129-483f-8bc8-f3bf7c5bad54, findElement {using=xpath, value=//android.view.ViewGroup[@content-desc=""]/android.view.ViewGroup[2]/android.widget.TextView}]
Capabilities {appium:UDID: PR7SUSMZKJ79BAUW, appium:app: C:\Users\hp\eclipse-workspa..., appium:appActivity: .MainActivity, appium:appPackage: com.service_desk.onebill, appium:appium.deviceIsAppInBackground: true, appium:autoGrantPermissions: true, appium:automationName: uiautomator2, appium:avdArgs: -no-window, appium:databaseEnabled: false, appium:desired: {UDID: PR7SUSMZKJ79BAUW, app: C:\Users\hp\eclipse-workspa..., appActivity: .MainActivity, appPackage: com.service_desk.onebill, appium.deviceIsAppInBackground: true, autoGrantPermissions: true, automationName: uiautomator2, avdArgs: -no-window, deviceName: Afrid, fastReset: true, fullReset: true, isHeadless: true, platformName: ANDROID, platformVersion: 13.0}, appium:deviceApiLevel: 33, appium:deviceManufacturer: Google, appium:deviceModel: sdk_gphone64_x86_64, appium:deviceName: emulator-5554, appium:deviceScreenDensity: 560, appium:deviceScreenSize: 1440x3120, appium:deviceUDID: emulator-5554, appium:fastReset: true, appium:fullReset: true, appium:isHeadless: true, appium:javascriptEnabled: true, appium:locationContextEnabled: false, appium:networkConnectionEnabled: true, appium:pixelRatio: 3.5, appium:platformVersion: 13, appium:statBarHeight: 84, appium:takesScreenshot: true, appium:viewportRect: {height: 2952, left: 0, top: 84, width: 1440}, appium:warnings: {}, appium:webStorageEnabled: false, platformName: ANDROID}
Session ID: c7832274-a129-483f-8bc8-f3bf7c5bad54
at org.openqa.selenium.remote.http.netty.NettyHttpHandler.makeCall(NettyHttpHandler.java:65)
at io.appium.java_client.AppiumUserAgentFilter.lambda$apply$0(AppiumUserAgentFilter.java:88)
at org.openqa.selenium.remote.http.Filter.lambda$andFinally$1(Filter.java:55)
at org.openqa.selenium.remote.http.netty.NettyHttpHandler.execute(NettyHttpHandler.java:48)
at org.openqa.selenium.remote.http.netty.NettyClient.execute(NettyClient.java:96)
at org.openqa.selenium.remote.HttpCommandExecutor.execute(HttpCommandExecutor.java:188)
at io.appium.java_client.remote.AppiumCommandExecutor.execute(AppiumCommandExecutor.java:250)
at org.openqa.selenium.remote.RemoteWebDriver.execute(RemoteWebDriver.java:602)
at org.openqa.selenium.remote.ElementLocation$ElementFinder$2.findElement(ElementLocation.java:165)
at org.openqa.selenium.remote.ElementLocation.findElement(ElementLocation.java:59)
at org.openqa.selenium.remote.RemoteWebDriver.findElement(RemoteWebDriver.java:359)
at org.openqa.selenium.remote.RemoteWebDriver.findElement(RemoteWebDriver.java:353)
at Methodsexists.methodsstore.iconbtn(methodsstore.java:760)
at All_Departments.All_Department.All_Departments__100(All_Department.java:1148)
at java.base/jdk.internal.reflect.DirectMethodHandleAccessor.invoke(DirectMethodHandleAccessor.java:104)
at java.base/java.lang.reflect.Method.invoke(Method.java:578)
at org.testng.internal.invokers.MethodInvocationHelper.invokeMethod(MethodInvocationHelper.java:139)
at org.testng.internal.invokers.TestInvoker.invokeMethod(TestInvoker.java:677)
at org.testng.internal.invokers.TestInvoker.invokeTestMethod(TestInvoker.java:221)
at org.testng.internal.invokers.MethodRunner.runInSequence(MethodRunner.java:50)
at org.testng.internal.invokers.TestInvoker$MethodInvocationAgent.invoke(TestInvoker.java:969)
at org.testng.internal.invokers.TestInvoker.invokeTestMethods(TestInvoker.java:194)
at org.testng.internal.invokers.TestMethodWorker.invokeTestMethods(TestMethodWorker.java:148)
at org.testng.internal.invokers.TestMethodWorker.run(TestMethodWorker.java:128)
at java.base/java.util.ArrayList.forEach(ArrayList.java:1511)
at org.testng.TestRunner.privateRun(TestRunner.java:829)
at org.testng.TestRunner.run(TestRunner.java:602)
at org.testng.SuiteRunner.runTest(SuiteRunner.java:437)
at org.testng.SuiteRunner.runSequentially(SuiteRunner.java:431)
at org.testng.SuiteRunner.privateRun(SuiteRunner.java:391)
at org.testng.SuiteRunner.run(SuiteRunner.java:330)
at org.testng.SuiteRunnerWorker.runSuite(SuiteRunnerWorker.java:52)
at org.testng.SuiteRunnerWorker.run(SuiteRunnerWorker.java:95)
at org.testng.TestNG.runSuitesSequentially(TestNG.java:1256)
at org.testng.TestNG.runSuitesLocally(TestNG.java:1176)
at org.testng.TestNG.runSuites(TestNG.java:1099)
at org.testng.TestNG.run(TestNG.java:1067)
at org.testng.remote.AbstractRemoteTestNG.run(AbstractRemoteTestNG.java:115)
at org.testng.remote.RemoteTestNG.initAndRun(RemoteTestNG.java:251)
at org.testng.remote.RemoteTestNG.main(RemoteTestNG.java:77)
Caused by: java.util.concurrent.TimeoutException
at java.base/java.util.concurrent.CompletableFuture.timedGet(CompletableFuture.java:1960)
at java.base/java.util.concurrent.CompletableFuture.get(CompletableFuture.java:2095)
at org.asynchttpclient.netty.NettyResponseFuture.get(NettyResponseFuture.java:206)
at org.openqa.selenium.remote.http.netty.NettyHttpHandler.makeCall(NettyHttpHandler.java:59)
... 39 more
]]>
    </error>
  </testcase> <!-- All_Departments__100 -->
  <system-out/>
  <testcase classname="All_Departments.All_Department" name="All_Departments__065" time="53.581"/>
  <system-out/>
  <testcase classname="All_Departments.All_Department" name="All_Departments__120" time="57.338"/>
  <system-out/>
  <testcase classname="All_Departments.All_Department" name="All_Departments__127" time="46.116"/>
  <system-out/>
  <testcase classname="All_Departments.All_Department" name="All_Departments__099" time="54.819"/>
  <system-out/>
  <testcase classname="All_Departments.All_Department" name="All_Departments__082" time="49.309"/>
  <system-out/>
  <testcase classname="All_Departments.All_Department" name="All_Departments__060" time="43.125"/>
  <system-out/>
  <testcase classname="All_Departments.All_Department" name="All_Departments__118" time="48.699"/>
  <system-out/>
  <testcase classname="All_Departments.All_Department" name="All_Departments__004" time="45.933"/>
  <system-out/>
  <testcase classname="All_Departments.All_Department" name="All_Departments__001" time="34.591"/>
  <system-out/>
  <testcase classname="All_Departments.All_Department" name="All_Departments__161" time="16.404">
    <skipped/>
  </testcase> <!-- All_Departments__161 -->
  <system-out/>
  <testcase classname="All_Departments.All_Department" name="All_Departments__150" time="50.534">
    <error message="An unknown server-side error occurred while processing the command. Original error: Could not proxy command to the remote server. Original error: read ECONNRESET
Build info: version: &#039;4.13.0&#039;, revision: &#039;ba948ece5b*&#039;
System info: os.name: &#039;Windows 11&#039;, os.arch: &#039;amd64&#039;, os.version: &#039;10.0&#039;, java.version: &#039;20&#039;
Driver info: io.appium.java_client.android.AndroidDriver
Command: [7114fe1c-f4c0-4571-b056-4ce6d9f5180e, findElement {using=xpath, value=//android.view.ViewGroup[@content-desc=&quot;&quot;]/android.view.ViewGroup[2]/android.widget.TextView}]
Capabilities {appium:UDID: PR7SUSMZKJ79BAUW, appium:app: C:\Users\hp\eclipse-workspa..., appium:appActivity: .MainActivity, appium:appPackage: com.service_desk.onebill, appium:appium.deviceIsAppInBackground: true, appium:autoGrantPermissions: true, appium:automationName: uiautomator2, appium:avdArgs: -no-window, appium:databaseEnabled: false, appium:desired: {UDID: PR7SUSMZKJ79BAUW, app: C:\Users\hp\eclipse-workspa..., appActivity: .MainActivity, appPackage: com.service_desk.onebill, appium.deviceIsAppInBackground: true, autoGrantPermissions: true, automationName: uiautomator2, avdArgs: -no-window, deviceName: Afrid, fastReset: true, fullReset: true, isHeadless: true, platformName: ANDROID, platformVersion: 13.0}, appium:deviceApiLevel: 33, appium:deviceManufacturer: Google, appium:deviceModel: sdk_gphone64_x86_64, appium:deviceName: emulator-5554, appium:deviceScreenDensity: 560, appium:deviceScreenSize: 1440x3120, appium:deviceUDID: emulator-5554, appium:fastReset: true, appium:fullReset: true, appium:isHeadless: true, appium:javascriptEnabled: true, appium:locationContextEnabled: false, appium:networkConnectionEnabled: true, appium:pixelRatio: 3.5, appium:platformVersion: 13, appium:statBarHeight: 84, appium:takesScreenshot: true, appium:viewportRect: {height: 2952, left: 0, top: 84, width: 1440}, appium:warnings: {}, appium:webStorageEnabled: false, platformName: ANDROID}
Session ID: 7114fe1c-f4c0-4571-b056-4ce6d9f5180e" type="org.openqa.selenium.WebDriverException">
      <![CDATA[org.openqa.selenium.WebDriverException: An unknown server-side error occurred while processing the command. Original error: Could not proxy command to the remote server. Original error: read ECONNRESET
Build info: version: '4.13.0', revision: 'ba948ece5b*'
System info: os.name: 'Windows 11', os.arch: 'amd64', os.version: '10.0', java.version: '20'
Driver info: io.appium.java_client.android.AndroidDriver
Command: [7114fe1c-f4c0-4571-b056-4ce6d9f5180e, findElement {using=xpath, value=//android.view.ViewGroup[@content-desc=""]/android.view.ViewGroup[2]/android.widget.TextView}]
Capabilities {appium:UDID: PR7SUSMZKJ79BAUW, appium:app: C:\Users\hp\eclipse-workspa..., appium:appActivity: .MainActivity, appium:appPackage: com.service_desk.onebill, appium:appium.deviceIsAppInBackground: true, appium:autoGrantPermissions: true, appium:automationName: uiautomator2, appium:avdArgs: -no-window, appium:databaseEnabled: false, appium:desired: {UDID: PR7SUSMZKJ79BAUW, app: C:\Users\hp\eclipse-workspa..., appActivity: .MainActivity, appPackage: com.service_desk.onebill, appium.deviceIsAppInBackground: true, autoGrantPermissions: true, automationName: uiautomator2, avdArgs: -no-window, deviceName: Afrid, fastReset: true, fullReset: true, isHeadless: true, platformName: ANDROID, platformVersion: 13.0}, appium:deviceApiLevel: 33, appium:deviceManufacturer: Google, appium:deviceModel: sdk_gphone64_x86_64, appium:deviceName: emulator-5554, appium:deviceScreenDensity: 560, appium:deviceScreenSize: 1440x3120, appium:deviceUDID: emulator-5554, appium:fastReset: true, appium:fullReset: true, appium:isHeadless: true, appium:javascriptEnabled: true, appium:locationContextEnabled: false, appium:networkConnectionEnabled: true, appium:pixelRatio: 3.5, appium:platformVersion: 13, appium:statBarHeight: 84, appium:takesScreenshot: true, appium:viewportRect: {height: 2952, left: 0, top: 84, width: 1440}, appium:warnings: {}, appium:webStorageEnabled: false, platformName: ANDROID}
Session ID: 7114fe1c-f4c0-4571-b056-4ce6d9f5180e
at java.base/jdk.internal.reflect.DirectConstructorHandleAccessor.newInstance(DirectConstructorHandleAccessor.java:67)
at java.base/java.lang.reflect.Constructor.newInstanceWithCaller(Constructor.java:500)
at java.base/java.lang.reflect.Constructor.newInstance(Constructor.java:484)
at org.openqa.selenium.remote.codec.w3c.W3CHttpResponseCodec.createException(W3CHttpResponseCodec.java:200)
at org.openqa.selenium.remote.codec.w3c.W3CHttpResponseCodec.decode(W3CHttpResponseCodec.java:133)
at org.openqa.selenium.remote.codec.w3c.W3CHttpResponseCodec.decode(W3CHttpResponseCodec.java:52)
at org.openqa.selenium.remote.HttpCommandExecutor.execute(HttpCommandExecutor.java:191)
at io.appium.java_client.remote.AppiumCommandExecutor.execute(AppiumCommandExecutor.java:250)
at org.openqa.selenium.remote.RemoteWebDriver.execute(RemoteWebDriver.java:602)
at org.openqa.selenium.remote.ElementLocation$ElementFinder$2.findElement(ElementLocation.java:165)
at org.openqa.selenium.remote.ElementLocation.findElement(ElementLocation.java:59)
at org.openqa.selenium.remote.RemoteWebDriver.findElement(RemoteWebDriver.java:359)
at org.openqa.selenium.remote.RemoteWebDriver.findElement(RemoteWebDriver.java:353)
at Methodsexists.methodsstore.iconbtn(methodsstore.java:760)
at All_Departments.All_Department.All_Departments__150(All_Department.java:1860)
at java.base/jdk.internal.reflect.DirectMethodHandleAccessor.invoke(DirectMethodHandleAccessor.java:104)
at java.base/java.lang.reflect.Method.invoke(Method.java:578)
at org.testng.internal.invokers.MethodInvocationHelper.invokeMethod(MethodInvocationHelper.java:139)
at org.testng.internal.invokers.TestInvoker.invokeMethod(TestInvoker.java:677)
at org.testng.internal.invokers.TestInvoker.invokeTestMethod(TestInvoker.java:221)
at org.testng.internal.invokers.MethodRunner.runInSequence(MethodRunner.java:50)
at org.testng.internal.invokers.TestInvoker$MethodInvocationAgent.invoke(TestInvoker.java:969)
at org.testng.internal.invokers.TestInvoker.invokeTestMethods(TestInvoker.java:194)
at org.testng.internal.invokers.TestMethodWorker.invokeTestMethods(TestMethodWorker.java:148)
at org.testng.internal.invokers.TestMethodWorker.run(TestMethodWorker.java:128)
at java.base/java.util.ArrayList.forEach(ArrayList.java:1511)
at org.testng.TestRunner.privateRun(TestRunner.java:829)
at org.testng.TestRunner.run(TestRunner.java:602)
at org.testng.SuiteRunner.runTest(SuiteRunner.java:437)
at org.testng.SuiteRunner.runSequentially(SuiteRunner.java:431)
at org.testng.SuiteRunner.privateRun(SuiteRunner.java:391)
at org.testng.SuiteRunner.run(SuiteRunner.java:330)
at org.testng.SuiteRunnerWorker.runSuite(SuiteRunnerWorker.java:52)
at org.testng.SuiteRunnerWorker.run(SuiteRunnerWorker.java:95)
at org.testng.TestNG.runSuitesSequentially(TestNG.java:1256)
at org.testng.TestNG.runSuitesLocally(TestNG.java:1176)
at org.testng.TestNG.runSuites(TestNG.java:1099)
at org.testng.TestNG.run(TestNG.java:1067)
at org.testng.remote.AbstractRemoteTestNG.run(AbstractRemoteTestNG.java:115)
at org.testng.remote.RemoteTestNG.initAndRun(RemoteTestNG.java:251)
at org.testng.remote.RemoteTestNG.main(RemoteTestNG.java:77)
]]>
    </error>
  </testcase> <!-- All_Departments__150 -->
  <system-out/>
  <testcase classname="All_Departments.All_Department" name="All_Departments__124" time="50.576"/>
  <system-out/>
  <testcase classname="All_Departments.All_Department" name="All_Departments__131" time="58.233"/>
  <system-out/>
  <testcase classname="All_Departments.All_Department" name="All_Departments__171" time="20.070">
    <skipped/>
  </testcase> <!-- All_Departments__171 -->
  <system-out/>
  <testcase classname="All_Departments.All_Department" name="All_Departments__172" time="21.570">
    <skipped/>
  </testcase> <!-- All_Departments__172 -->
  <system-out/>
  <testcase classname="All_Departments.All_Department" name="All_Departments__174" time="18.299">
    <skipped/>
  </testcase> <!-- All_Departments__174 -->
  <system-out/>
  <testcase classname="All_Departments.All_Department" name="All_Departments__113" time="57.255"/>
  <system-out/>
  <testcase classname="All_Departments.All_Department" name="All_Departments__026" time="43.000"/>
  <system-out/>
  <testcase classname="All_Departments.All_Department" name="All_Departments__041" time="54.284"/>
  <system-out/>
  <testcase classname="All_Departments.All_Department" name="All_Departments__062" time="43.779"/>
  <system-out/>
  <testcase classname="All_Departments.All_Department" name="All_Departments__162" time="20.033">
    <skipped/>
  </testcase> <!-- All_Departments__162 -->
  <system-out/>
  <testcase classname="All_Departments.All_Department" name="All_Departments__057" time="48.156"/>
  <system-out/>
  <testcase classname="All_Departments.All_Department" name="All_Departments__073" time="45.699"/>
  <system-out/>
  <testcase classname="All_Departments.All_Department" name="All_Departments__081" time="55.384"/>
  <system-out/>
  <testcase classname="All_Departments.All_Department" name="All_Departments__005" time="34.932"/>
  <system-out/>
  <testcase classname="All_Departments.All_Department" name="All_Departments__051" time="43.316"/>
  <system-out/>
  <testcase classname="All_Departments.All_Department" name="All_Departments__077" time="47.681"/>
  <system-out/>
  <testcase classname="All_Departments.All_Department" name="All_Departments__092" time="44.051"/>
  <system-out/>
  <testcase classname="All_Departments.All_Department" name="All_Departments__139" time="50.065"/>
  <system-out/>
  <testcase classname="All_Departments.All_Department" name="All_Departments__022" time="40.310"/>
  <system-out/>
  <testcase classname="All_Departments.All_Department" name="All_Departments__006" time="41.422"/>
  <system-out/>
  <testcase classname="All_Departments.All_Department" name="All_Departments__084" time="48.104"/>
  <system-out/>
  <testcase classname="All_Departments.All_Department" name="All_Departments__056" time="52.994"/>
  <system-out/>
  <testcase classname="All_Departments.All_Department" name="All_Departments__076" time="45.838"/>
  <system-out/>
  <testcase classname="All_Departments.All_Department" name="All_Departments__151" time="45.926">
    <error message="An unknown server-side error occurred while processing the command. Original error: Could not proxy command to the remote server. Original error: read ECONNRESET
Build info: version: &#039;4.13.0&#039;, revision: &#039;ba948ece5b*&#039;
System info: os.name: &#039;Windows 11&#039;, os.arch: &#039;amd64&#039;, os.version: &#039;10.0&#039;, java.version: &#039;20&#039;
Driver info: io.appium.java_client.android.AndroidDriver
Command: [03a9c5a2-6b97-410f-a34e-8bfb2947dec6, findElement {using=xpath, value=//android.view.ViewGroup[@content-desc=&quot;&quot;]/android.view.ViewGroup[2]/android.widget.TextView}]
Capabilities {appium:UDID: PR7SUSMZKJ79BAUW, appium:app: C:\Users\hp\eclipse-workspa..., appium:appActivity: .MainActivity, appium:appPackage: com.service_desk.onebill, appium:appium.deviceIsAppInBackground: true, appium:autoGrantPermissions: true, appium:automationName: uiautomator2, appium:avdArgs: -no-window, appium:databaseEnabled: false, appium:desired: {UDID: PR7SUSMZKJ79BAUW, app: C:\Users\hp\eclipse-workspa..., appActivity: .MainActivity, appPackage: com.service_desk.onebill, appium.deviceIsAppInBackground: true, autoGrantPermissions: true, automationName: uiautomator2, avdArgs: -no-window, deviceName: Afrid, fastReset: true, fullReset: true, isHeadless: true, platformName: ANDROID, platformVersion: 13.0}, appium:deviceApiLevel: 33, appium:deviceManufacturer: Google, appium:deviceModel: sdk_gphone64_x86_64, appium:deviceName: emulator-5554, appium:deviceScreenDensity: 560, appium:deviceScreenSize: 1440x3120, appium:deviceUDID: emulator-5554, appium:fastReset: true, appium:fullReset: true, appium:isHeadless: true, appium:javascriptEnabled: true, appium:locationContextEnabled: false, appium:networkConnectionEnabled: true, appium:pixelRatio: 3.5, appium:platformVersion: 13, appium:statBarHeight: 84, appium:takesScreenshot: true, appium:viewportRect: {height: 2952, left: 0, top: 84, width: 1440}, appium:warnings: {}, appium:webStorageEnabled: false, platformName: ANDROID}
Session ID: 03a9c5a2-6b97-410f-a34e-8bfb2947dec6" type="org.openqa.selenium.WebDriverException">
      <![CDATA[org.openqa.selenium.WebDriverException: An unknown server-side error occurred while processing the command. Original error: Could not proxy command to the remote server. Original error: read ECONNRESET
Build info: version: '4.13.0', revision: 'ba948ece5b*'
System info: os.name: 'Windows 11', os.arch: 'amd64', os.version: '10.0', java.version: '20'
Driver info: io.appium.java_client.android.AndroidDriver
Command: [03a9c5a2-6b97-410f-a34e-8bfb2947dec6, findElement {using=xpath, value=//android.view.ViewGroup[@content-desc=""]/android.view.ViewGroup[2]/android.widget.TextView}]
Capabilities {appium:UDID: PR7SUSMZKJ79BAUW, appium:app: C:\Users\hp\eclipse-workspa..., appium:appActivity: .MainActivity, appium:appPackage: com.service_desk.onebill, appium:appium.deviceIsAppInBackground: true, appium:autoGrantPermissions: true, appium:automationName: uiautomator2, appium:avdArgs: -no-window, appium:databaseEnabled: false, appium:desired: {UDID: PR7SUSMZKJ79BAUW, app: C:\Users\hp\eclipse-workspa..., appActivity: .MainActivity, appPackage: com.service_desk.onebill, appium.deviceIsAppInBackground: true, autoGrantPermissions: true, automationName: uiautomator2, avdArgs: -no-window, deviceName: Afrid, fastReset: true, fullReset: true, isHeadless: true, platformName: ANDROID, platformVersion: 13.0}, appium:deviceApiLevel: 33, appium:deviceManufacturer: Google, appium:deviceModel: sdk_gphone64_x86_64, appium:deviceName: emulator-5554, appium:deviceScreenDensity: 560, appium:deviceScreenSize: 1440x3120, appium:deviceUDID: emulator-5554, appium:fastReset: true, appium:fullReset: true, appium:isHeadless: true, appium:javascriptEnabled: true, appium:locationContextEnabled: false, appium:networkConnectionEnabled: true, appium:pixelRatio: 3.5, appium:platformVersion: 13, appium:statBarHeight: 84, appium:takesScreenshot: true, appium:viewportRect: {height: 2952, left: 0, top: 84, width: 1440}, appium:warnings: {}, appium:webStorageEnabled: false, platformName: ANDROID}
Session ID: 03a9c5a2-6b97-410f-a34e-8bfb2947dec6
at java.base/jdk.internal.reflect.DirectConstructorHandleAccessor.newInstance(DirectConstructorHandleAccessor.java:67)
at java.base/java.lang.reflect.Constructor.newInstanceWithCaller(Constructor.java:500)
at java.base/java.lang.reflect.Constructor.newInstance(Constructor.java:484)
at org.openqa.selenium.remote.codec.w3c.W3CHttpResponseCodec.createException(W3CHttpResponseCodec.java:200)
at org.openqa.selenium.remote.codec.w3c.W3CHttpResponseCodec.decode(W3CHttpResponseCodec.java:133)
at org.openqa.selenium.remote.codec.w3c.W3CHttpResponseCodec.decode(W3CHttpResponseCodec.java:52)
at org.openqa.selenium.remote.HttpCommandExecutor.execute(HttpCommandExecutor.java:191)
at io.appium.java_client.remote.AppiumCommandExecutor.execute(AppiumCommandExecutor.java:250)
at org.openqa.selenium.remote.RemoteWebDriver.execute(RemoteWebDriver.java:602)
at org.openqa.selenium.remote.ElementLocation$ElementFinder$2.findElement(ElementLocation.java:165)
at org.openqa.selenium.remote.ElementLocation.findElement(ElementLocation.java:59)
at org.openqa.selenium.remote.RemoteWebDriver.findElement(RemoteWebDriver.java:359)
at org.openqa.selenium.remote.RemoteWebDriver.findElement(RemoteWebDriver.java:353)
at Methodsexists.methodsstore.iconbtn(methodsstore.java:760)
at All_Departments.All_Department.All_Departments__151(All_Department.java:1875)
at java.base/jdk.internal.reflect.DirectMethodHandleAccessor.invoke(DirectMethodHandleAccessor.java:104)
at java.base/java.lang.reflect.Method.invoke(Method.java:578)
at org.testng.internal.invokers.MethodInvocationHelper.invokeMethod(MethodInvocationHelper.java:139)
at org.testng.internal.invokers.TestInvoker.invokeMethod(TestInvoker.java:677)
at org.testng.internal.invokers.TestInvoker.invokeTestMethod(TestInvoker.java:221)
at org.testng.internal.invokers.MethodRunner.runInSequence(MethodRunner.java:50)
at org.testng.internal.invokers.TestInvoker$MethodInvocationAgent.invoke(TestInvoker.java:969)
at org.testng.internal.invokers.TestInvoker.invokeTestMethods(TestInvoker.java:194)
at org.testng.internal.invokers.TestMethodWorker.invokeTestMethods(TestMethodWorker.java:148)
at org.testng.internal.invokers.TestMethodWorker.run(TestMethodWorker.java:128)
at java.base/java.util.ArrayList.forEach(ArrayList.java:1511)
at org.testng.TestRunner.privateRun(TestRunner.java:829)
at org.testng.TestRunner.run(TestRunner.java:602)
at org.testng.SuiteRunner.runTest(SuiteRunner.java:437)
at org.testng.SuiteRunner.runSequentially(SuiteRunner.java:431)
at org.testng.SuiteRunner.privateRun(SuiteRunner.java:391)
at org.testng.SuiteRunner.run(SuiteRunner.java:330)
at org.testng.SuiteRunnerWorker.runSuite(SuiteRunnerWorker.java:52)
at org.testng.SuiteRunnerWorker.run(SuiteRunnerWorker.java:95)
at org.testng.TestNG.runSuitesSequentially(TestNG.java:1256)
at org.testng.TestNG.runSuitesLocally(TestNG.java:1176)
at org.testng.TestNG.runSuites(TestNG.java:1099)
at org.testng.TestNG.run(TestNG.java:1067)
at org.testng.remote.AbstractRemoteTestNG.run(AbstractRemoteTestNG.java:115)
at org.testng.remote.RemoteTestNG.initAndRun(RemoteTestNG.java:251)
at org.testng.remote.RemoteTestNG.main(RemoteTestNG.java:77)
]]>
    </error>
  </testcase> <!-- All_Departments__151 -->
  <system-out/>
  <testcase classname="All_Departments.All_Department" name="All_Departments__066" time="52.277"/>
  <system-out/>
  <testcase classname="All_Departments.All_Department" name="All_Departments__086" time="60.249"/>
  <system-out/>
  <testcase classname="All_Departments.All_Department" name="All_Departments__153" time="19.802">
    <skipped/>
  </testcase> <!-- All_Departments__153 -->
  <system-out/>
  <testcase classname="All_Departments.All_Department" name="All_Departments__160" time="18.051">
    <skipped/>
  </testcase> <!-- All_Departments__160 -->
  <system-out/>
  <testcase classname="All_Departments.All_Department" name="All_Departments__134" time="49.476"/>
  <system-out/>
  <testcase classname="All_Departments.All_Department" name="All_Departments__119" time="53.892"/>
  <system-out/>
  <testcase classname="All_Departments.All_Department" name="All_Departments__148" time="643.391">
    <error message="java.util.concurrent.TimeoutException
Build info: version: &#039;4.13.0&#039;, revision: &#039;ba948ece5b*&#039;
System info: os.name: &#039;Windows 11&#039;, os.arch: &#039;amd64&#039;, os.version: &#039;10.0&#039;, java.version: &#039;20&#039;
Driver info: io.appium.java_client.android.AndroidDriver
Command: [6daf69de-5892-44a2-a487-fda06cce27a8, findElement {using=xpath, value=//android.view.ViewGroup[@content-desc=&quot;&quot;]/android.view.ViewGroup[2]/android.widget.TextView}]
Capabilities {appium:UDID: PR7SUSMZKJ79BAUW, appium:app: C:\Users\hp\eclipse-workspa..., appium:appActivity: .MainActivity, appium:appPackage: com.service_desk.onebill, appium:appium.deviceIsAppInBackground: true, appium:autoGrantPermissions: true, appium:automationName: uiautomator2, appium:avdArgs: -no-window, appium:databaseEnabled: false, appium:desired: {UDID: PR7SUSMZKJ79BAUW, app: C:\Users\hp\eclipse-workspa..., appActivity: .MainActivity, appPackage: com.service_desk.onebill, appium.deviceIsAppInBackground: true, autoGrantPermissions: true, automationName: uiautomator2, avdArgs: -no-window, deviceName: Afrid, fastReset: true, fullReset: true, isHeadless: true, platformName: ANDROID, platformVersion: 13.0}, appium:deviceApiLevel: 33, appium:deviceManufacturer: Google, appium:deviceModel: sdk_gphone64_x86_64, appium:deviceName: emulator-5554, appium:deviceScreenDensity: 560, appium:deviceScreenSize: 1440x3120, appium:deviceUDID: emulator-5554, appium:fastReset: true, appium:fullReset: true, appium:isHeadless: true, appium:javascriptEnabled: true, appium:locationContextEnabled: false, appium:networkConnectionEnabled: true, appium:pixelRatio: 3.5, appium:platformVersion: 13, appium:statBarHeight: 84, appium:takesScreenshot: true, appium:viewportRect: {height: 2952, left: 0, top: 84, width: 1440}, appium:warnings: {}, appium:webStorageEnabled: false, platformName: ANDROID}
Session ID: 6daf69de-5892-44a2-a487-fda06cce27a8" type="org.openqa.selenium.TimeoutException">
      <![CDATA[org.openqa.selenium.TimeoutException: java.util.concurrent.TimeoutException
Build info: version: '4.13.0', revision: 'ba948ece5b*'
System info: os.name: 'Windows 11', os.arch: 'amd64', os.version: '10.0', java.version: '20'
Driver info: io.appium.java_client.android.AndroidDriver
Command: [6daf69de-5892-44a2-a487-fda06cce27a8, findElement {using=xpath, value=//android.view.ViewGroup[@content-desc=""]/android.view.ViewGroup[2]/android.widget.TextView}]
Capabilities {appium:UDID: PR7SUSMZKJ79BAUW, appium:app: C:\Users\hp\eclipse-workspa..., appium:appActivity: .MainActivity, appium:appPackage: com.service_desk.onebill, appium:appium.deviceIsAppInBackground: true, appium:autoGrantPermissions: true, appium:automationName: uiautomator2, appium:avdArgs: -no-window, appium:databaseEnabled: false, appium:desired: {UDID: PR7SUSMZKJ79BAUW, app: C:\Users\hp\eclipse-workspa..., appActivity: .MainActivity, appPackage: com.service_desk.onebill, appium.deviceIsAppInBackground: true, autoGrantPermissions: true, automationName: uiautomator2, avdArgs: -no-window, deviceName: Afrid, fastReset: true, fullReset: true, isHeadless: true, platformName: ANDROID, platformVersion: 13.0}, appium:deviceApiLevel: 33, appium:deviceManufacturer: Google, appium:deviceModel: sdk_gphone64_x86_64, appium:deviceName: emulator-5554, appium:deviceScreenDensity: 560, appium:deviceScreenSize: 1440x3120, appium:deviceUDID: emulator-5554, appium:fastReset: true, appium:fullReset: true, appium:isHeadless: true, appium:javascriptEnabled: true, appium:locationContextEnabled: false, appium:networkConnectionEnabled: true, appium:pixelRatio: 3.5, appium:platformVersion: 13, appium:statBarHeight: 84, appium:takesScreenshot: true, appium:viewportRect: {height: 2952, left: 0, top: 84, width: 1440}, appium:warnings: {}, appium:webStorageEnabled: false, platformName: ANDROID}
Session ID: 6daf69de-5892-44a2-a487-fda06cce27a8
at org.openqa.selenium.remote.http.netty.NettyHttpHandler.makeCall(NettyHttpHandler.java:65)
at io.appium.java_client.AppiumUserAgentFilter.lambda$apply$0(AppiumUserAgentFilter.java:88)
at org.openqa.selenium.remote.http.Filter.lambda$andFinally$1(Filter.java:55)
at org.openqa.selenium.remote.http.netty.NettyHttpHandler.execute(NettyHttpHandler.java:48)
at org.openqa.selenium.remote.http.netty.NettyClient.execute(NettyClient.java:96)
at org.openqa.selenium.remote.HttpCommandExecutor.execute(HttpCommandExecutor.java:188)
at io.appium.java_client.remote.AppiumCommandExecutor.execute(AppiumCommandExecutor.java:250)
at org.openqa.selenium.remote.RemoteWebDriver.execute(RemoteWebDriver.java:602)
at org.openqa.selenium.remote.ElementLocation$ElementFinder$2.findElement(ElementLocation.java:165)
at org.openqa.selenium.remote.ElementLocation.findElement(ElementLocation.java:59)
at org.openqa.selenium.remote.RemoteWebDriver.findElement(RemoteWebDriver.java:359)
at org.openqa.selenium.remote.RemoteWebDriver.findElement(RemoteWebDriver.java:353)
at Methodsexists.methodsstore.iconbtn(methodsstore.java:760)
at All_Departments.All_Department.All_Departments__148(All_Department.java:1832)
at java.base/jdk.internal.reflect.DirectMethodHandleAccessor.invoke(DirectMethodHandleAccessor.java:104)
at java.base/java.lang.reflect.Method.invoke(Method.java:578)
at org.testng.internal.invokers.MethodInvocationHelper.invokeMethod(MethodInvocationHelper.java:139)
at org.testng.internal.invokers.TestInvoker.invokeMethod(TestInvoker.java:677)
at org.testng.internal.invokers.TestInvoker.invokeTestMethod(TestInvoker.java:221)
at org.testng.internal.invokers.MethodRunner.runInSequence(MethodRunner.java:50)
at org.testng.internal.invokers.TestInvoker$MethodInvocationAgent.invoke(TestInvoker.java:969)
at org.testng.internal.invokers.TestInvoker.invokeTestMethods(TestInvoker.java:194)
at org.testng.internal.invokers.TestMethodWorker.invokeTestMethods(TestMethodWorker.java:148)
at org.testng.internal.invokers.TestMethodWorker.run(TestMethodWorker.java:128)
at java.base/java.util.ArrayList.forEach(ArrayList.java:1511)
at org.testng.TestRunner.privateRun(TestRunner.java:829)
at org.testng.TestRunner.run(TestRunner.java:602)
at org.testng.SuiteRunner.runTest(SuiteRunner.java:437)
at org.testng.SuiteRunner.runSequentially(SuiteRunner.java:431)
at org.testng.SuiteRunner.privateRun(SuiteRunner.java:391)
at org.testng.SuiteRunner.run(SuiteRunner.java:330)
at org.testng.SuiteRunnerWorker.runSuite(SuiteRunnerWorker.java:52)
at org.testng.SuiteRunnerWorker.run(SuiteRunnerWorker.java:95)
at org.testng.TestNG.runSuitesSequentially(TestNG.java:1256)
at org.testng.TestNG.runSuitesLocally(TestNG.java:1176)
at org.testng.TestNG.runSuites(TestNG.java:1099)
at org.testng.TestNG.run(TestNG.java:1067)
at org.testng.remote.AbstractRemoteTestNG.run(AbstractRemoteTestNG.java:115)
at org.testng.remote.RemoteTestNG.initAndRun(RemoteTestNG.java:251)
at org.testng.remote.RemoteTestNG.main(RemoteTestNG.java:77)
Caused by: java.util.concurrent.TimeoutException
at java.base/java.util.concurrent.CompletableFuture.timedGet(CompletableFuture.java:1960)
at java.base/java.util.concurrent.CompletableFuture.get(CompletableFuture.java:2095)
at org.asynchttpclient.netty.NettyResponseFuture.get(NettyResponseFuture.java:206)
at org.openqa.selenium.remote.http.netty.NettyHttpHandler.makeCall(NettyHttpHandler.java:59)
... 39 more
]]>
    </error>
  </testcase> <!-- All_Departments__148 -->
  <system-out/>
  <testcase classname="All_Departments.All_Department" name="All_Departments__122" time="48.135"/>
  <system-out/>
  <testcase classname="All_Departments.All_Department" name="All_Departments__136" time="48.322"/>
  <system-out/>
  <testcase classname="All_Departments.All_Department" name="All_Departments__007" time="44.475"/>
  <system-out/>
  <testcase classname="All_Departments.All_Department" name="All_Departments__014" time="40.925"/>
  <system-out/>
  <testcase classname="All_Departments.All_Department" name="All_Departments__045" time="39.450"/>
  <system-out/>
  <testcase classname="All_Departments.All_Department" name="All_Departments__110" time="58.561"/>
  <system-out/>
  <testcase classname="All_Departments.All_Department" name="All_Departments__104" time="49.380"/>
  <system-out/>
  <testcase classname="All_Departments.All_Department" name="All_Departments__128" time="53.935"/>
  <system-out/>
  <testcase classname="All_Departments.All_Department" name="All_Departments__143" time="651.225">
    <error message="java.util.concurrent.TimeoutException
Build info: version: &#039;4.13.0&#039;, revision: &#039;ba948ece5b*&#039;
System info: os.name: &#039;Windows 11&#039;, os.arch: &#039;amd64&#039;, os.version: &#039;10.0&#039;, java.version: &#039;20&#039;
Driver info: io.appium.java_client.android.AndroidDriver
Command: [870c53bd-a418-4555-8ea7-a1399124b125, findElement {using=xpath, value=//android.view.ViewGroup[@content-desc=&quot;&quot;]/android.view.ViewGroup[2]/android.widget.TextView}]
Capabilities {appium:UDID: PR7SUSMZKJ79BAUW, appium:app: C:\Users\hp\eclipse-workspa..., appium:appActivity: .MainActivity, appium:appPackage: com.service_desk.onebill, appium:appium.deviceIsAppInBackground: true, appium:autoGrantPermissions: true, appium:automationName: uiautomator2, appium:avdArgs: -no-window, appium:databaseEnabled: false, appium:desired: {UDID: PR7SUSMZKJ79BAUW, app: C:\Users\hp\eclipse-workspa..., appActivity: .MainActivity, appPackage: com.service_desk.onebill, appium.deviceIsAppInBackground: true, autoGrantPermissions: true, automationName: uiautomator2, avdArgs: -no-window, deviceName: Afrid, fastReset: true, fullReset: true, isHeadless: true, platformName: ANDROID, platformVersion: 13.0}, appium:deviceApiLevel: 33, appium:deviceManufacturer: Google, appium:deviceModel: sdk_gphone64_x86_64, appium:deviceName: emulator-5554, appium:deviceScreenDensity: 560, appium:deviceScreenSize: 1440x3120, appium:deviceUDID: emulator-5554, appium:fastReset: true, appium:fullReset: true, appium:isHeadless: true, appium:javascriptEnabled: true, appium:locationContextEnabled: false, appium:networkConnectionEnabled: true, appium:pixelRatio: 3.5, appium:platformVersion: 13, appium:statBarHeight: 84, appium:takesScreenshot: true, appium:viewportRect: {height: 2952, left: 0, top: 84, width: 1440}, appium:warnings: {}, appium:webStorageEnabled: false, platformName: ANDROID}
Session ID: 870c53bd-a418-4555-8ea7-a1399124b125" type="org.openqa.selenium.TimeoutException">
      <![CDATA[org.openqa.selenium.TimeoutException: java.util.concurrent.TimeoutException
Build info: version: '4.13.0', revision: 'ba948ece5b*'
System info: os.name: 'Windows 11', os.arch: 'amd64', os.version: '10.0', java.version: '20'
Driver info: io.appium.java_client.android.AndroidDriver
Command: [870c53bd-a418-4555-8ea7-a1399124b125, findElement {using=xpath, value=//android.view.ViewGroup[@content-desc=""]/android.view.ViewGroup[2]/android.widget.TextView}]
Capabilities {appium:UDID: PR7SUSMZKJ79BAUW, appium:app: C:\Users\hp\eclipse-workspa..., appium:appActivity: .MainActivity, appium:appPackage: com.service_desk.onebill, appium:appium.deviceIsAppInBackground: true, appium:autoGrantPermissions: true, appium:automationName: uiautomator2, appium:avdArgs: -no-window, appium:databaseEnabled: false, appium:desired: {UDID: PR7SUSMZKJ79BAUW, app: C:\Users\hp\eclipse-workspa..., appActivity: .MainActivity, appPackage: com.service_desk.onebill, appium.deviceIsAppInBackground: true, autoGrantPermissions: true, automationName: uiautomator2, avdArgs: -no-window, deviceName: Afrid, fastReset: true, fullReset: true, isHeadless: true, platformName: ANDROID, platformVersion: 13.0}, appium:deviceApiLevel: 33, appium:deviceManufacturer: Google, appium:deviceModel: sdk_gphone64_x86_64, appium:deviceName: emulator-5554, appium:deviceScreenDensity: 560, appium:deviceScreenSize: 1440x3120, appium:deviceUDID: emulator-5554, appium:fastReset: true, appium:fullReset: true, appium:isHeadless: true, appium:javascriptEnabled: true, appium:locationContextEnabled: false, appium:networkConnectionEnabled: true, appium:pixelRatio: 3.5, appium:platformVersion: 13, appium:statBarHeight: 84, appium:takesScreenshot: true, appium:viewportRect: {height: 2952, left: 0, top: 84, width: 1440}, appium:warnings: {}, appium:webStorageEnabled: false, platformName: ANDROID}
Session ID: 870c53bd-a418-4555-8ea7-a1399124b125
at org.openqa.selenium.remote.http.netty.NettyHttpHandler.makeCall(NettyHttpHandler.java:65)
at io.appium.java_client.AppiumUserAgentFilter.lambda$apply$0(AppiumUserAgentFilter.java:88)
at org.openqa.selenium.remote.http.Filter.lambda$andFinally$1(Filter.java:55)
at org.openqa.selenium.remote.http.netty.NettyHttpHandler.execute(NettyHttpHandler.java:48)
at org.openqa.selenium.remote.http.netty.NettyClient.execute(NettyClient.java:96)
at org.openqa.selenium.remote.HttpCommandExecutor.execute(HttpCommandExecutor.java:188)
at io.appium.java_client.remote.AppiumCommandExecutor.execute(AppiumCommandExecutor.java:250)
at org.openqa.selenium.remote.RemoteWebDriver.execute(RemoteWebDriver.java:602)
at org.openqa.selenium.remote.ElementLocation$ElementFinder$2.findElement(ElementLocation.java:165)
at org.openqa.selenium.remote.ElementLocation.findElement(ElementLocation.java:59)
at org.openqa.selenium.remote.RemoteWebDriver.findElement(RemoteWebDriver.java:359)
at org.openqa.selenium.remote.RemoteWebDriver.findElement(RemoteWebDriver.java:353)
at Methodsexists.methodsstore.iconbtn(methodsstore.java:760)
at All_Departments.All_Department.All_Departments__143(All_Department.java:1749)
at java.base/jdk.internal.reflect.DirectMethodHandleAccessor.invoke(DirectMethodHandleAccessor.java:104)
at java.base/java.lang.reflect.Method.invoke(Method.java:578)
at org.testng.internal.invokers.MethodInvocationHelper.invokeMethod(MethodInvocationHelper.java:139)
at org.testng.internal.invokers.TestInvoker.invokeMethod(TestInvoker.java:677)
at org.testng.internal.invokers.TestInvoker.invokeTestMethod(TestInvoker.java:221)
at org.testng.internal.invokers.MethodRunner.runInSequence(MethodRunner.java:50)
at org.testng.internal.invokers.TestInvoker$MethodInvocationAgent.invoke(TestInvoker.java:969)
at org.testng.internal.invokers.TestInvoker.invokeTestMethods(TestInvoker.java:194)
at org.testng.internal.invokers.TestMethodWorker.invokeTestMethods(TestMethodWorker.java:148)
at org.testng.internal.invokers.TestMethodWorker.run(TestMethodWorker.java:128)
at java.base/java.util.ArrayList.forEach(ArrayList.java:1511)
at org.testng.TestRunner.privateRun(TestRunner.java:829)
at org.testng.TestRunner.run(TestRunner.java:602)
at org.testng.SuiteRunner.runTest(SuiteRunner.java:437)
at org.testng.SuiteRunner.runSequentially(SuiteRunner.java:431)
at org.testng.SuiteRunner.privateRun(SuiteRunner.java:391)
at org.testng.SuiteRunner.run(SuiteRunner.java:330)
at org.testng.SuiteRunnerWorker.runSuite(SuiteRunnerWorker.java:52)
at org.testng.SuiteRunnerWorker.run(SuiteRunnerWorker.java:95)
at org.testng.TestNG.runSuitesSequentially(TestNG.java:1256)
at org.testng.TestNG.runSuitesLocally(TestNG.java:1176)
at org.testng.TestNG.runSuites(TestNG.java:1099)
at org.testng.TestNG.run(TestNG.java:1067)
at org.testng.remote.AbstractRemoteTestNG.run(AbstractRemoteTestNG.java:115)
at org.testng.remote.RemoteTestNG.initAndRun(RemoteTestNG.java:251)
at org.testng.remote.RemoteTestNG.main(RemoteTestNG.java:77)
Caused by: java.util.concurrent.TimeoutException
at java.base/java.util.concurrent.CompletableFuture.timedGet(CompletableFuture.java:1960)
at java.base/java.util.concurrent.CompletableFuture.get(CompletableFuture.java:2095)
at org.asynchttpclient.netty.NettyResponseFuture.get(NettyResponseFuture.java:206)
at org.openqa.selenium.remote.http.netty.NettyHttpHandler.makeCall(NettyHttpHandler.java:59)
... 39 more
]]>
    </error>
  </testcase> <!-- All_Departments__143 -->
  <system-out/>
  <testcase classname="All_Departments.All_Department" name="All_Departments__090" time="56.591"/>
  <system-out/>
  <testcase classname="All_Departments.All_Department" name="All_Departments__058" time="82.465"/>
  <system-out/>
  <testcase classname="All_Departments.All_Department" name="All_Departments__043" time="39.542"/>
  <system-out/>
  <testcase classname="All_Departments.All_Department" name="All_Departments__168" time="18.001">
    <skipped/>
  </testcase> <!-- All_Departments__168 -->
  <system-out/>
  <testcase classname="All_Departments.All_Department" name="All_Departments__033" time="45.546"/>
  <system-out/>
  <testcase classname="All_Departments.All_Department" name="All_Departments__114" time="60.776"/>
  <system-out/>
  <testcase classname="All_Departments.All_Department" name="All_Departments__088" time="54.362"/>
  <system-out/>
  <testcase classname="All_Departments.All_Department" name="All_Departments__071" time="44.998"/>
  <system-out/>
  <testcase classname="All_Departments.All_Department" name="All_Departments__141" time="53.976"/>
  <system-out/>
  <testcase classname="All_Departments.All_Department" name="All_Departments__085" time="42.742"/>
  <system-out/>
  <testcase classname="All_Departments.All_Department" name="All_Departments__126" time="50.545"/>
  <system-out/>
  <testcase classname="All_Departments.All_Department" name="All_Departments__140" time="48.082"/>
  <system-out/>
  <testcase classname="All_Departments.All_Department" name="All_Departments__115" time="57.204"/>
  <system-out/>
  <testcase classname="All_Departments.All_Department" name="All_Departments__098" time="54.946"/>
  <system-out/>
  <testcase classname="All_Departments.All_Department" name="All_Departments__070" time="52.441"/>
  <system-out/>
  <testcase classname="All_Departments.All_Department" name="All_Departments__159" time="18.530">
    <skipped/>
  </testcase> <!-- All_Departments__159 -->
  <system-out/>
  <testcase classname="All_Departments.All_Department" name="All_Departments__152" time="23.165">
    <skipped/>
  </testcase> <!-- All_Departments__152 -->
  <system-out/>
  <testcase classname="All_Departments.All_Department" name="All_Departments__125" time="48.805"/>
  <system-out/>
  <testcase classname="All_Departments.All_Department" name="All_Departments__083" time="49.341"/>
  <system-out/>
  <testcase classname="All_Departments.All_Department" name="All_Departments__024" time="46.278"/>
  <system-out/>
  <testcase classname="All_Departments.All_Department" name="All_Departments__117" time="233.689"/>
  <system-out/>
  <testcase classname="All_Departments.All_Department" name="All_Departments__067" time="54.086"/>
  <system-out/>
  <testcase classname="All_Departments.All_Department" name="All_Departments__109" time="54.455"/>
  <system-out/>
  <testcase classname="All_Departments.All_Department" name="All_Departments__049" time="55.291"/>
  <system-out/>
  <testcase classname="All_Departments.All_Department" name="All_Departments__132" time="53.339"/>
  <system-out/>
  <testcase classname="All_Departments.All_Department" name="All_Departments__089" time="51.212"/>
  <system-out/>
  <testcase classname="All_Departments.All_Department" name="All_Departments__037" time="44.288"/>
  <system-out/>
  <testcase classname="All_Departments.All_Department" name="All_Departments__137" time="54.336"/>
  <system-out/>
  <testcase classname="All_Departments.All_Department" name="All_Departments__173" time="0.000">
    <skipped/>
  </testcase> <!-- All_Departments__173 -->
  <system-out/>
  <testcase classname="All_Departments.All_Department" name="closeapp" time="2.631">
    <error message="Error communicating with the remote browser. It may have died.
Build info: version: &#039;4.13.0&#039;, revision: &#039;ba948ece5b*&#039;
System info: os.name: &#039;Windows 11&#039;, os.arch: &#039;amd64&#039;, os.version: &#039;10.0&#039;, java.version: &#039;20&#039;
Driver info: io.appium.java_client.android.AndroidDriver
Command: [03a9c5a2-6b97-410f-a34e-8bfb2947dec6, quit []]
Capabilities {appium:UDID: PR7SUSMZKJ79BAUW, appium:app: C:\Users\hp\eclipse-workspa..., appium:appActivity: .MainActivity, appium:appPackage: com.service_desk.onebill, appium:appium.deviceIsAppInBackground: true, appium:autoGrantPermissions: true, appium:automationName: uiautomator2, appium:avdArgs: -no-window, appium:databaseEnabled: false, appium:desired: {UDID: PR7SUSMZKJ79BAUW, app: C:\Users\hp\eclipse-workspa..., appActivity: .MainActivity, appPackage: com.service_desk.onebill, appium.deviceIsAppInBackground: true, autoGrantPermissions: true, automationName: uiautomator2, avdArgs: -no-window, deviceName: Afrid, fastReset: true, fullReset: true, isHeadless: true, platformName: ANDROID, platformVersion: 13.0}, appium:deviceApiLevel: 33, appium:deviceManufacturer: Google, appium:deviceModel: sdk_gphone64_x86_64, appium:deviceName: emulator-5554, appium:deviceScreenDensity: 560, appium:deviceScreenSize: 1440x3120, appium:deviceUDID: emulator-5554, appium:fastReset: true, appium:fullReset: true, appium:isHeadless: true, appium:javascriptEnabled: true, appium:locationContextEnabled: false, appium:networkConnectionEnabled: true, appium:pixelRatio: 3.5, appium:platformVersion: 13, appium:statBarHeight: 84, appium:takesScreenshot: true, appium:viewportRect: {height: 2952, left: 0, top: 84, width: 1440}, appium:warnings: {}, appium:webStorageEnabled: false, platformName: ANDROID}
Session ID: 03a9c5a2-6b97-410f-a34e-8bfb2947dec6" type="org.openqa.selenium.remote.UnreachableBrowserException">
      <![CDATA[org.openqa.selenium.remote.UnreachableBrowserException: Error communicating with the remote browser. It may have died.
Build info: version: '4.13.0', revision: 'ba948ece5b*'
System info: os.name: 'Windows 11', os.arch: 'amd64', os.version: '10.0', java.version: '20'
Driver info: io.appium.java_client.android.AndroidDriver
Command: [03a9c5a2-6b97-410f-a34e-8bfb2947dec6, quit []]
Capabilities {appium:UDID: PR7SUSMZKJ79BAUW, appium:app: C:\Users\hp\eclipse-workspa..., appium:appActivity: .MainActivity, appium:appPackage: com.service_desk.onebill, appium:appium.deviceIsAppInBackground: true, appium:autoGrantPermissions: true, appium:automationName: uiautomator2, appium:avdArgs: -no-window, appium:databaseEnabled: false, appium:desired: {UDID: PR7SUSMZKJ79BAUW, app: C:\Users\hp\eclipse-workspa..., appActivity: .MainActivity, appPackage: com.service_desk.onebill, appium.deviceIsAppInBackground: true, autoGrantPermissions: true, automationName: uiautomator2, avdArgs: -no-window, deviceName: Afrid, fastReset: true, fullReset: true, isHeadless: true, platformName: ANDROID, platformVersion: 13.0}, appium:deviceApiLevel: 33, appium:deviceManufacturer: Google, appium:deviceModel: sdk_gphone64_x86_64, appium:deviceName: emulator-5554, appium:deviceScreenDensity: 560, appium:deviceScreenSize: 1440x3120, appium:deviceUDID: emulator-5554, appium:fastReset: true, appium:fullReset: true, appium:isHeadless: true, appium:javascriptEnabled: true, appium:locationContextEnabled: false, appium:networkConnectionEnabled: true, appium:pixelRatio: 3.5, appium:platformVersion: 13, appium:statBarHeight: 84, appium:takesScreenshot: true, appium:viewportRect: {height: 2952, left: 0, top: 84, width: 1440}, appium:warnings: {}, appium:webStorageEnabled: false, platformName: ANDROID}
Session ID: 03a9c5a2-6b97-410f-a34e-8bfb2947dec6
at org.openqa.selenium.remote.RemoteWebDriver.execute(RemoteWebDriver.java:629)
at org.openqa.selenium.remote.RemoteWebDriver.execute(RemoteWebDriver.java:675)
at io.appium.java_client.AppiumDriver.execute(AppiumDriver.java:313)
at org.openqa.selenium.remote.RemoteWebDriver.quit(RemoteWebDriver.java:437)
at baseCofiguration.Configaration.closeapp(Configaration.java:73)
at java.base/jdk.internal.reflect.DirectMethodHandleAccessor.invoke(DirectMethodHandleAccessor.java:104)
at java.base/java.lang.reflect.Method.invoke(Method.java:578)
at org.testng.internal.invokers.MethodInvocationHelper.invokeMethod(MethodInvocationHelper.java:139)
at org.testng.internal.invokers.MethodInvocationHelper.invokeMethodConsideringTimeout(MethodInvocationHelper.java:69)
at org.testng.internal.invokers.ConfigInvoker.invokeConfigurationMethod(ConfigInvoker.java:361)
at org.testng.internal.invokers.ConfigInvoker.invokeConfigurations(ConfigInvoker.java:296)
at org.testng.internal.invokers.TestInvoker.runConfigMethods(TestInvoker.java:823)
at org.testng.internal.invokers.TestInvoker.runAfterConfigurations(TestInvoker.java:792)
at org.testng.internal.invokers.TestInvoker.invokeMethod(TestInvoker.java:768)
at org.testng.internal.invokers.TestInvoker.invokeTestMethod(TestInvoker.java:221)
at org.testng.internal.invokers.MethodRunner.runInSequence(MethodRunner.java:50)
at org.testng.internal.invokers.TestInvoker$MethodInvocationAgent.invoke(TestInvoker.java:969)
at org.testng.internal.invokers.TestInvoker.invokeTestMethods(TestInvoker.java:194)
at org.testng.internal.invokers.TestMethodWorker.invokeTestMethods(TestMethodWorker.java:148)
at org.testng.internal.invokers.TestMethodWorker.run(TestMethodWorker.java:128)
at java.base/java.util.ArrayList.forEach(ArrayList.java:1511)
at org.testng.TestRunner.privateRun(TestRunner.java:829)
at org.testng.TestRunner.run(TestRunner.java:602)
at org.testng.SuiteRunner.runTest(SuiteRunner.java:437)
at org.testng.SuiteRunner.runSequentially(SuiteRunner.java:431)
at org.testng.SuiteRunner.privateRun(SuiteRunner.java:391)
at org.testng.SuiteRunner.run(SuiteRunner.java:330)
at org.testng.SuiteRunnerWorker.runSuite(SuiteRunnerWorker.java:52)
at org.testng.SuiteRunnerWorker.run(SuiteRunnerWorker.java:95)
at org.testng.TestNG.runSuitesSequentially(TestNG.java:1256)
at org.testng.TestNG.runSuitesLocally(TestNG.java:1176)
at org.testng.TestNG.runSuites(TestNG.java:1099)
at org.testng.TestNG.run(TestNG.java:1067)
at org.testng.remote.AbstractRemoteTestNG.run(AbstractRemoteTestNG.java:115)
at org.testng.remote.RemoteTestNG.initAndRun(RemoteTestNG.java:251)
at org.testng.remote.RemoteTestNG.main(RemoteTestNG.java:77)
Caused by: java.io.UncheckedIOException: java.net.SocketException: Connection reset
at org.openqa.selenium.remote.http.netty.NettyHttpHandler.makeCall(NettyHttpHandler.java:73)
at io.appium.java_client.AppiumUserAgentFilter.lambda$apply$0(AppiumUserAgentFilter.java:88)
at org.openqa.selenium.remote.http.Filter.lambda$andFinally$1(Filter.java:55)
at org.openqa.selenium.remote.http.netty.NettyHttpHandler.execute(NettyHttpHandler.java:48)
at org.openqa.selenium.remote.http.netty.NettyClient.execute(NettyClient.java:96)
at org.openqa.selenium.remote.HttpCommandExecutor.execute(HttpCommandExecutor.java:188)
at io.appium.java_client.remote.AppiumCommandExecutor.execute(AppiumCommandExecutor.java:250)
at org.openqa.selenium.remote.RemoteWebDriver.execute(RemoteWebDriver.java:602)
... 35 more
Caused by: java.net.SocketException: Connection reset
at java.base/sun.nio.ch.SocketChannelImpl.throwConnectionReset(SocketChannelImpl.java:401)
at java.base/sun.nio.ch.SocketChannelImpl.read(SocketChannelImpl.java:434)
at io.netty.buffer.PooledByteBuf.setBytes(PooledByteBuf.java:254)
at io.netty.buffer.AbstractByteBuf.writeBytes(AbstractByteBuf.java:1132)
at io.netty.channel.socket.nio.NioSocketChannel.doReadBytes(NioSocketChannel.java:357)
at io.netty.channel.nio.AbstractNioByteChannel$NioByteUnsafe.read(AbstractNioByteChannel.java:151)
at io.netty.channel.nio.NioEventLoop.processSelectedKey(NioEventLoop.java:788)
at io.netty.channel.nio.NioEventLoop.processSelectedKeysOptimized(NioEventLoop.java:724)
at io.netty.channel.nio.NioEventLoop.processSelectedKeys(NioEventLoop.java:650)
at io.netty.channel.nio.NioEventLoop.run(NioEventLoop.java:562)
at io.netty.util.concurrent.SingleThreadEventExecutor$4.run(SingleThreadEventExecutor.java:997)
at io.netty.util.internal.ThreadExecutorMap$2.run(ThreadExecutorMap.java:74)
at io.netty.util.concurrent.FastThreadLocalRunnable.run(FastThreadLocalRunnable.java:30)
at java.base/java.lang.Thread.run(Thread.java:1623)
]]>
    </error>
  </testcase> <!-- closeapp -->
  <system-out/>
  <testcase classname="All_Departments.All_Department" name="All_Departments__108" time="45.928"/>
  <system-out/>
  <testcase classname="All_Departments.All_Department" name="All_Departments__042" time="27.285"/>
  <system-out/>
  <testcase classname="All_Departments.All_Department" name="All_Departments__163" time="0.000">
    <skipped/>
  </testcase> <!-- All_Departments__163 -->
  <system-out/>
  <testcase classname="All_Departments.All_Department" name="All_Departments__094" time="31.440"/>
  <system-out/>
  <testcase classname="All_Departments.All_Department" name="All_Departments__052" time="28.842"/>
  <system-out/>
  <testcase classname="All_Departments.All_Department" name="All_Departments__046" time="18.187"/>
  <system-out/>
  <testcase classname="All_Departments.All_Department" name="All_Departments__145" time="35.678"/>
  <system-out/>
  <testcase classname="All_Departments.All_Department" name="All_Departments__012" time="25.477"/>
  <system-out/>
  <testcase classname="All_Departments.All_Department" name="All_Departments__116" time="36.267"/>
  <system-out/>
  <testcase classname="All_Departments.All_Department" name="All_Departments__147" time="27.524"/>
  <system-out/>
  <testcase classname="All_Departments.All_Department" name="All_Departments__063" time="24.449"/>
  <system-out/>
  <testcase classname="All_Departments.All_Department" name="All_Departments__047" time="19.143"/>
  <system-out/>
  <testcase classname="All_Departments.All_Department" name="All_Departments__048" time="17.384"/>
  <system-out/>
  <testcase classname="All_Departments.All_Department" name="All_Departments__053" time="33.986"/>
  <system-out/>
  <testcase classname="All_Departments.All_Department" name="All_Departments__008" time="22.970"/>
  <system-out/>
  <testcase classname="All_Departments.All_Department" name="All_Departments__015" time="22.740"/>
  <system-out/>
  <testcase classname="All_Departments.All_Department" name="All_Departments__40" time="0.000">
    <skipped/>
  </testcase> <!-- All_Departments__40 -->
  <system-out/>
  <testcase classname="All_Departments.All_Department" name="All_Departments__156" time="0.000">
    <skipped/>
  </testcase> <!-- All_Departments__156 -->
  <system-out/>
  <testcase classname="All_Departments.All_Department" name="All_Departments__059" time="35.180"/>
  <system-out/>
  <testcase classname="All_Departments.All_Department" name="All_Departments__009" time="19.074"/>
  <system-out/>
  <testcase classname="All_Departments.All_Department" name="All_Departments__055" time="27.376"/>
  <system-out/>
  <testcase classname="All_Departments.All_Department" name="All_Departments__165" time="0.000">
    <skipped/>
  </testcase> <!-- All_Departments__165 -->
  <system-out/>
  <testcase classname="All_Departments.All_Department" name="All_Departments__075" time="31.488"/>
  <system-out/>
</testsuite> <!-- All_Departments.All_Department -->
