<?xml version="1.0" encoding="UTF-8"?>
<!-- Generated by org.testng.reporters.JUnitReportReporter -->
<testsuite hostname="DESKTOP-1GQ8CG3" failures="0" tests="1" name="Dashboard.Dashboard" time="32.880" errors="0" timestamp="2023-11-27T10:27:06 IST" skipped="0">
  <testcase classname="Dashboard.Dashboard" name="Signin_001_002" time="32.880"/>
  <system-out/>
</testsuite> <!-- Dashboard.Dashboard -->
