<?xml version="1.0" encoding="UTF-8"?>
<!-- Generated by org.testng.reporters.JUnitReportReporter -->
<testsuite hostname="DESKTOP-1GQ8CG3" failures="0" tests="1" name="SystemTickets.System_Testcases" time="51.823" errors="0" timestamp="2023-11-27T10:47:10 IST" skipped="0">
  <testcase classname="SystemTickets.System_Testcases" name="Systemtickets_150" time="51.823"/>
  <system-out/>
</testsuite> <!-- SystemTickets.System_Testcases -->
