<?xml version="1.0" encoding="UTF-8"?>
<!-- Generated by org.testng.reporters.JUnitReportReporter -->
<testsuite hostname="DESKTOP-1GQ8CG3" failures="0" tests="1" name="MyTickets.MyTicketstestcase" time="40.585" errors="0" timestamp="2023-11-27T10:36:16 IST" skipped="0">
  <testcase classname="MyTickets.MyTicketstestcase" name="My_Tickets_001" time="40.585"/>
  <system-out/>
</testsuite> <!-- MyTickets.MyTicketstestcase -->
